Using pre-set license
Built from '2021.3/staging' branch; Version is '2021.3.9f1 (ad3870b89536) revision 11352176'; Using compiler version '192829333'; Build Type 'Release'
OS: 'Windows 11  (10.0.22000) 64bit CoreSingleLanguage' Language: 'ru' Physical Memory: 32469 MB
BatchMode: 1, IsHumanControllingUs: 0, StartBugReporterOnCrash: 0, Is64bit: 1, IsPro: 1

COMMAND LINE ARGUMENTS:
C:\Program Files\Unity\Hub\Editor\2021.3.9f1\Editor\Unity.exe
-adb2
-batchMode
-noUpm
-name
AssetImportWorker1
-projectPath
C:/Users/Denis/Game_Prototype
-logFile
Logs/AssetImportWorker1.log
-srvPort
56708
Successfully changed project path to: C:/Users/Denis/Game_Prototype
C:/Users/Denis/Game_Prototype
[UnityMemory] Configuration Parameters - Can be set up in boot.config
    "memorysetup-bucket-allocator-granularity=16"
    "memorysetup-bucket-allocator-bucket-count=8"
    "memorysetup-bucket-allocator-block-size=33554432"
    "memorysetup-bucket-allocator-block-count=8"
    "memorysetup-main-allocator-block-size=16777216"
    "memorysetup-thread-allocator-block-size=16777216"
    "memorysetup-gfx-main-allocator-block-size=16777216"
    "memorysetup-gfx-thread-allocator-block-size=16777216"
    "memorysetup-cache-allocator-block-size=4194304"
    "memorysetup-typetree-allocator-block-size=2097152"
    "memorysetup-profiler-bucket-allocator-granularity=16"
    "memorysetup-profiler-bucket-allocator-bucket-count=8"
    "memorysetup-profiler-bucket-allocator-block-size=33554432"
    "memorysetup-profiler-bucket-allocator-block-count=8"
    "memorysetup-profiler-allocator-block-size=16777216"
    "memorysetup-profiler-editor-allocator-block-size=1048576"
    "memorysetup-temp-allocator-size-main=16777216"
    "memorysetup-job-temp-allocator-block-size=2097152"
    "memorysetup-job-temp-allocator-block-size-background=1048576"
    "memorysetup-job-temp-allocator-reduction-small-platforms=262144"
    "memorysetup-temp-allocator-size-background-worker=32768"
    "memorysetup-temp-allocator-size-job-worker=262144"
    "memorysetup-temp-allocator-size-preload-manager=33554432"
    "memorysetup-temp-allocator-size-nav-mesh-worker=65536"
    "memorysetup-temp-allocator-size-audio-worker=65536"
    "memorysetup-temp-allocator-size-cloud-worker=32768"
    "memorysetup-temp-allocator-size-gi-baking-worker=262144"
    "memorysetup-temp-allocator-size-gfx=262144"
Refreshing native plugins compatible for Editor in 75.96 ms, found 4 plugins.
Preloading 0 native plugins for Editor in 0.00 ms.
Initialize engine version: 2021.3.9f1 (ad3870b89536)
[Subsystems] Discovering subsystems at path C:/Program Files/Unity/Hub/Editor/2021.3.9f1/Editor/Data/Resources/UnitySubsystems
[Subsystems] Discovering subsystems at path C:/Users/Denis/Game_Prototype/Assets
GfxDevice: creating device client; threaded=0; jobified=0
Direct3D:
    Version:  Direct3D 11.0 [level 11.1]
    Renderer: NVIDIA GeForce RTX 3080 Ti Laptop GPU (ID=0x2420)
    Vendor:   NVIDIA
    VRAM:     16189 MB
    Driver:   31.0.15.2756
Initialize mono
Mono path[0] = 'C:/Program Files/Unity/Hub/Editor/2021.3.9f1/Editor/Data/Managed'
Mono path[1] = 'C:/Program Files/Unity/Hub/Editor/2021.3.9f1/Editor/Data/MonoBleedingEdge/lib/mono/unityjit-win32'
Mono config path = 'C:/Program Files/Unity/Hub/Editor/2021.3.9f1/Editor/Data/MonoBleedingEdge/etc'
Using monoOptions --debugger-agent=transport=dt_socket,embedding=1,server=y,suspend=n,address=127.0.0.1:56372
Begin MonoManager ReloadAssembly
Registering precompiled unity dll's ...
Register platform support module: C:/Program Files/Unity/Hub/Editor/2021.3.9f1/Editor/Data/PlaybackEngines/WebGLSupport/UnityEditor.WebGL.Extensions.dll
Register platform support module: C:/Program Files/Unity/Hub/Editor/2021.3.9f1/Editor/Data/PlaybackEngines/AndroidPlayer/UnityEditor.Android.Extensions.dll
Register platform support module: C:/Program Files/Unity/Hub/Editor/2021.3.9f1/Editor/Data/PlaybackEngines/WindowsStandaloneSupport/UnityEditor.WindowsStandalone.Extensions.dll
Registered in 0.003460 seconds.
Native extension for WindowsStandalone target not found
Native extension for Android target not found
Native extension for WebGL target not found
Refreshing native plugins compatible for Editor in 69.02 ms, found 4 plugins.
Preloading 0 native plugins for Editor in 0.00 ms.
Mono: successfully reloaded assembly
- Completed reload, in  0.459 seconds
Domain Reload Profiling:
	ReloadAssembly (459ms)
		BeginReloadAssembly (48ms)
			ExecutionOrderSort (0ms)
			DisableScriptedObjects (0ms)
			BackupInstance (0ms)
			ReleaseScriptingObjects (0ms)
			CreateAndSetChildDomain (1ms)
		EndReloadAssembly (337ms)
			LoadAssemblies (47ms)
			RebuildTransferFunctionScriptingTraits (0ms)
			SetupTypeCache (71ms)
			ReleaseScriptCaches (0ms)
			RebuildScriptCaches (19ms)
			SetupLoadedEditorAssemblies (211ms)
				LogAssemblyErrors (0ms)
				InitializePlatformSupportModulesInManaged (40ms)
				SetLoadedEditorAssemblies (1ms)
				RefreshPlugins (69ms)
				BeforeProcessingInitializeOnLoad (1ms)
				ProcessInitializeOnLoadAttributes (69ms)
				ProcessInitializeOnLoadMethodAttributes (30ms)
				AfterProcessingInitializeOnLoad (0ms)
				EditorAssembliesLoaded (0ms)
			ExecutionOrderSort2 (0ms)
			AwakeInstancesAfterBackupRestoration (0ms)
Platform modules already initialized, skipping
Registering precompiled user dll's ...
Registered in 0.004483 seconds.
Begin MonoManager ReloadAssembly
Symbol file LoadedFromMemory doesn't match image C:\Users\Denis\Game_Prototype\Library\PackageCache\com.unity.visualscripting@1.7.8\Editor\VisualScripting.Core\Dependencies\YamlDotNet\Unity.VisualScripting.YamlDotNet.dll
Symbol file LoadedFromMemory doesn't match image C:\Users\Denis\Game_Prototype\Library\PackageCache\com.unity.visualscripting@1.7.8\Editor\VisualScripting.Core\Dependencies\DotNetZip\Unity.VisualScripting.IonicZip.dll
Native extension for WindowsStandalone target not found
Native extension for Android target not found
Native extension for WebGL target not found
Refreshing native plugins compatible for Editor in 69.46 ms, found 4 plugins.
Preloading 0 native plugins for Editor in 0.00 ms.
Mono: successfully reloaded assembly
- Completed reload, in  0.899 seconds
Domain Reload Profiling:
	ReloadAssembly (899ms)
		BeginReloadAssembly (180ms)
			ExecutionOrderSort (0ms)
			DisableScriptedObjects (4ms)
			BackupInstance (0ms)
			ReleaseScriptingObjects (0ms)
			CreateAndSetChildDomain (122ms)
		EndReloadAssembly (642ms)
			LoadAssemblies (57ms)
			RebuildTransferFunctionScriptingTraits (0ms)
			SetupTypeCache (177ms)
			ReleaseScriptCaches (0ms)
			RebuildScriptCaches (37ms)
			SetupLoadedEditorAssemblies (336ms)
				LogAssemblyErrors (0ms)
				InitializePlatformSupportModulesInManaged (10ms)
				SetLoadedEditorAssemblies (0ms)
				RefreshPlugins (70ms)
				BeforeProcessingInitializeOnLoad (65ms)
				ProcessInitializeOnLoadAttributes (155ms)
				ProcessInitializeOnLoadMethodAttributes (33ms)
				AfterProcessingInitializeOnLoad (4ms)
				EditorAssembliesLoaded (0ms)
			ExecutionOrderSort2 (0ms)
			AwakeInstancesAfterBackupRestoration (4ms)
Platform modules already initialized, skipping
========================================================================
Worker process is ready to serve import requests
Launched and connected shader compiler UnityShaderCompiler.exe after 0.03 seconds
Refreshing native plugins compatible for Editor in 0.65 ms, found 4 plugins.
Preloading 0 native plugins for Editor in 0.00 ms.
Unloading 4359 Unused Serialized files (Serialized files now loaded: 0)
Unloading 41 unused Assets / (134.1 KB). Loaded Objects now: 4838.
Memory consumption went from 254.2 MB to 254.1 MB.
Total: 2.515500 ms (FindLiveObjects: 0.228300 ms CreateObjectMapping: 0.122400 ms MarkObjects: 2.062500 ms  DeleteObjects: 0.101500 ms)

AssetImportParameters requested are different than current active one (requested -> active):
  custom:video-decoder-ogg-theora: a1e56fd34408186e4bbccfd4996cb3dc -> 
  custom:container-muxer-webm: aa71ff27fc2769a1b78a27578f13a17b -> 
  custom:container-demuxer-webm: 4f35f7cbe854078d1ac9338744f61a02 -> 
  custom:video-encoder-webm-vp8: eb34c28f22e8b96e1ab97ce403110664 -> 
  custom:audio-encoder-webm-vorbis: bf7c407c2cedff20999df2af8eb42d56 -> 
  custom:framework-win-MediaFoundation: 216162199b28c13a410421893ffa2e32 -> 
  custom:container-demuxer-ogg: 62fdf1f143b41e24485cea50d1cbac27 -> 
  custom:video-decoder-webm-vp8: 9c59270c3fd7afecdb556c50c9e8de78 -> 
  custom:audio-decoder-ogg-vorbis: bf7c407c2cedff20999df2af8eb42d56 -> 
========================================================================
Received Import Request.
  Time since last request: 1426563.348608 seconds.
  path: Assets/Scenes/Level2.unity
  artifactKey: Guid(7036ba6ec9e87d249abe05cbecbdae86) Importer(815301076,1909f56bfc062723c751e8b465ee728b)
Start importing Assets/Scenes/Level2.unity using Guid(7036ba6ec9e87d249abe05cbecbdae86) Importer(815301076,1909f56bfc062723c751e8b465ee728b)  -> (artifact id: '74be56494ba69aca5b0f5dde0cab7a2c') in 0.009884 seconds 
========================================================================
Received Import Request.
  Time since last request: 61.502505 seconds.
  path: Assets/Tiny RPG Forest/Artwork/Environment/Test Palette.prefab
  artifactKey: Guid(d82072f57d13efc44828afc811fc01cb) Importer(815301076,1909f56bfc062723c751e8b465ee728b)
Start importing Assets/Tiny RPG Forest/Artwork/Environment/Test Palette.prefab using Guid(d82072f57d13efc44828afc811fc01cb) Importer(815301076,1909f56bfc062723c751e8b465ee728b)  -> (artifact id: 'dcee94c000854fdd93d51a91349ffd15') in 0.187116 seconds 
========================================================================
Received Import Request.
  Time since last request: 45.287925 seconds.
  path: Assets/Tiny RPG Forest/Artwork/Environment/sliced-objects/tileset-sliced_1.asset
  artifactKey: Guid(6e66e57aa57c82c46817cf49f402aafb) Importer(815301076,1909f56bfc062723c751e8b465ee728b)
Start importing Assets/Tiny RPG Forest/Artwork/Environment/sliced-objects/tileset-sliced_1.asset using Guid(6e66e57aa57c82c46817cf49f402aafb) Importer(815301076,1909f56bfc062723c751e8b465ee728b)  -> (artifact id: '16ca0fb686fa067d7502d45e31518cac') in 0.010675 seconds 
========================================================================
Received Import Request.
  Time since last request: 0.000024 seconds.
  path: Assets/Tiny RPG Forest/Artwork/Environment/sliced-objects/tileset-sliced_2.asset
  artifactKey: Guid(c4375bfbc84d7ab46b3fb69a6cb085c8) Importer(815301076,1909f56bfc062723c751e8b465ee728b)
Start importing Assets/Tiny RPG Forest/Artwork/Environment/sliced-objects/tileset-sliced_2.asset using Guid(c4375bfbc84d7ab46b3fb69a6cb085c8) Importer(815301076,1909f56bfc062723c751e8b465ee728b)  -> (artifact id: 'e62c9ba430df8839e62b3117c428db85') in 0.009050 seconds 
========================================================================
Received Import Request.
  Time since last request: 0.000021 seconds.
  path: Assets/Tiny RPG Forest/Artwork/Environment/sliced-objects/tileset-sliced_11.asset
  artifactKey: Guid(482707f101a157449abfcc087554b586) Importer(815301076,1909f56bfc062723c751e8b465ee728b)
Start importing Assets/Tiny RPG Forest/Artwork/Environment/sliced-objects/tileset-sliced_11.asset using Guid(482707f101a157449abfcc087554b586) Importer(815301076,1909f56bfc062723c751e8b465ee728b)  -> (artifact id: '802dc04f49e9492edcbedaafa6cea7c7') in 0.008940 seconds 
========================================================================
Received Import Request.
  Time since last request: 0.000022 seconds.
  path: Assets/Tiny RPG Forest/Artwork/Environment/sliced-objects/tileset-sliced_3.asset
  artifactKey: Guid(0e66c6cad8c2b6e44bdeb3125c25062a) Importer(815301076,1909f56bfc062723c751e8b465ee728b)
Start importing Assets/Tiny RPG Forest/Artwork/Environment/sliced-objects/tileset-sliced_3.asset using Guid(0e66c6cad8c2b6e44bdeb3125c25062a) Importer(815301076,1909f56bfc062723c751e8b465ee728b)  -> (artifact id: '955e9b06141ba69f90d8c69e68feb4e3') in 0.007973 seconds 
========================================================================
Received Import Request.
  Time since last request: 0.000017 seconds.
  path: Assets/Tiny RPG Forest/Artwork/Environment/sliced-objects/tileset-sliced_20.asset
  artifactKey: Guid(e61e777bb19e3c44691301aeb64c1de9) Importer(815301076,1909f56bfc062723c751e8b465ee728b)
Start importing Assets/Tiny RPG Forest/Artwork/Environment/sliced-objects/tileset-sliced_20.asset using Guid(e61e777bb19e3c44691301aeb64c1de9) Importer(815301076,1909f56bfc062723c751e8b465ee728b)  -> (artifact id: 'bd323a4eba0a4b7cfbbe9b89f2d6b68b') in 0.007430 seconds 
========================================================================
Received Import Request.
  Time since last request: 0.000018 seconds.
  path: Assets/Tiny RPG Forest/Artwork/Environment/sliced-objects/tileset-sliced_22.asset
  artifactKey: Guid(98d8bf3c1d3b5a54fab954c82e5167bb) Importer(815301076,1909f56bfc062723c751e8b465ee728b)
Start importing Assets/Tiny RPG Forest/Artwork/Environment/sliced-objects/tileset-sliced_22.asset using Guid(98d8bf3c1d3b5a54fab954c82e5167bb) Importer(815301076,1909f56bfc062723c751e8b465ee728b)  -> (artifact id: '60db09e582ff47e2ebb88757ad0c8649') in 0.007669 seconds 
========================================================================
Received Import Request.
  Time since last request: 0.000027 seconds.
  path: Assets/Tiny RPG Forest/Artwork/Environment/sliced-objects/tileset-sliced_16.asset
  artifactKey: Guid(cd9314a3048814d43b9e4a465956ee78) Importer(815301076,1909f56bfc062723c751e8b465ee728b)
Start importing Assets/Tiny RPG Forest/Artwork/Environment/sliced-objects/tileset-sliced_16.asset using Guid(cd9314a3048814d43b9e4a465956ee78) Importer(815301076,1909f56bfc062723c751e8b465ee728b)  -> (artifact id: '34d33d276d8e6cdbe530f2f0eb45b8ee') in 0.007485 seconds 
========================================================================
Received Import Request.
  Time since last request: 0.000020 seconds.
  path: Assets/Tiny RPG Forest/Artwork/Environment/sliced-objects/tileset-sliced_21.asset
  artifactKey: Guid(2866079b692761444b043fe2ce615260) Importer(815301076,1909f56bfc062723c751e8b465ee728b)
Start importing Assets/Tiny RPG Forest/Artwork/Environment/sliced-objects/tileset-sliced_21.asset using Guid(2866079b692761444b043fe2ce615260) Importer(815301076,1909f56bfc062723c751e8b465ee728b)  -> (artifact id: '1c5b3d1f039c3e4193efd9fdcce94ce7') in 0.007066 seconds 
========================================================================
Received Import Request.
  Time since last request: 0.000016 seconds.
  path: Assets/Tiny RPG Forest/Artwork/Environment/sliced-objects/tileset-sliced_17.asset
  artifactKey: Guid(65b884cd048315748b3c11415bea81d0) Importer(815301076,1909f56bfc062723c751e8b465ee728b)
Start importing Assets/Tiny RPG Forest/Artwork/Environment/sliced-objects/tileset-sliced_17.asset using Guid(65b884cd048315748b3c11415bea81d0) Importer(815301076,1909f56bfc062723c751e8b465ee728b)  -> (artifact id: '0ea621d35c7fcf88b9eeca514102fe32') in 0.006791 seconds 
========================================================================
Received Import Request.
  Time since last request: 0.000023 seconds.
  path: Assets/Tiny RPG Forest/Artwork/Environment/sliced-objects/tileset-sliced_24.asset
  artifactKey: Guid(89a19f63903673047a321350d126b61f) Importer(815301076,1909f56bfc062723c751e8b465ee728b)
Start importing Assets/Tiny RPG Forest/Artwork/Environment/sliced-objects/tileset-sliced_24.asset using Guid(89a19f63903673047a321350d126b61f) Importer(815301076,1909f56bfc062723c751e8b465ee728b)  -> (artifact id: 'fae4f9c4a0acf76dfb5c91f0497dad51') in 0.008821 seconds 
========================================================================
Received Import Request.
  Time since last request: 0.000017 seconds.
  path: Assets/Tiny RPG Forest/Artwork/Environment/sliced-objects/tileset-sliced_8.asset
  artifactKey: Guid(f865c24e20b2cc745a05f3763c3beb2c) Importer(815301076,1909f56bfc062723c751e8b465ee728b)
Start importing Assets/Tiny RPG Forest/Artwork/Environment/sliced-objects/tileset-sliced_8.asset using Guid(f865c24e20b2cc745a05f3763c3beb2c) Importer(815301076,1909f56bfc062723c751e8b465ee728b)  -> (artifact id: '79f1ec82e0516a78b885cc9f505c60d8') in 0.008157 seconds 
========================================================================
Received Import Request.
  Time since last request: 0.000017 seconds.
  path: Assets/Tiny RPG Forest/Artwork/Environment/sliced-objects/tileset-sliced_15.asset
  artifactKey: Guid(ad46baf6a6c0933409b662dc7662ba58) Importer(815301076,1909f56bfc062723c751e8b465ee728b)
Start importing Assets/Tiny RPG Forest/Artwork/Environment/sliced-objects/tileset-sliced_15.asset using Guid(ad46baf6a6c0933409b662dc7662ba58) Importer(815301076,1909f56bfc062723c751e8b465ee728b)  -> (artifact id: '463bc584bc3b6b530d4ae22251c448ff') in 0.007127 seconds 
========================================================================
Received Import Request.
  Time since last request: 0.000016 seconds.
  path: Assets/Tiny RPG Forest/Artwork/Environment/sliced-objects/tileset-sliced_12.asset
  artifactKey: Guid(038f024028a209e439b967d3e0de0a8b) Importer(815301076,1909f56bfc062723c751e8b465ee728b)
Start importing Assets/Tiny RPG Forest/Artwork/Environment/sliced-objects/tileset-sliced_12.asset using Guid(038f024028a209e439b967d3e0de0a8b) Importer(815301076,1909f56bfc062723c751e8b465ee728b)  -> (artifact id: '35807a516d1ef4d391ab948b8d0e347f') in 0.007483 seconds 
========================================================================
Received Import Request.
  Time since last request: 0.000019 seconds.
  path: Assets/Tiny RPG Forest/Artwork/Environment/sliced-objects/tileset-sliced_25.asset
  artifactKey: Guid(fce45f66dfef93f4989cc826347196a2) Importer(815301076,1909f56bfc062723c751e8b465ee728b)
Start importing Assets/Tiny RPG Forest/Artwork/Environment/sliced-objects/tileset-sliced_25.asset using Guid(fce45f66dfef93f4989cc826347196a2) Importer(815301076,1909f56bfc062723c751e8b465ee728b)  -> (artifact id: '7dbf08bd57da538d1e3a3f4536fde9e8') in 0.008071 seconds 
========================================================================
Received Import Request.
  Time since last request: 0.000021 seconds.
  path: Assets/Tiny RPG Forest/Artwork/Environment/sliced-objects/tileset-sliced_26.asset
  artifactKey: Guid(93c50e2726ec22e45bde440517663d13) Importer(815301076,1909f56bfc062723c751e8b465ee728b)
Start importing Assets/Tiny RPG Forest/Artwork/Environment/sliced-objects/tileset-sliced_26.asset using Guid(93c50e2726ec22e45bde440517663d13) Importer(815301076,1909f56bfc062723c751e8b465ee728b)  -> (artifact id: '1038628cbfb5ef8193380b78d87a2a17') in 0.007451 seconds 
========================================================================
Received Import Request.
  Time since last request: 0.933024 seconds.
  path: Assets/Tiny RPG Forest/Artwork/Environment/sliced-objects/tileset-sliced_29.asset
  artifactKey: Guid(3e2189a4a8a93d44988c9d332f70c022) Importer(815301076,1909f56bfc062723c751e8b465ee728b)
Start importing Assets/Tiny RPG Forest/Artwork/Environment/sliced-objects/tileset-sliced_29.asset using Guid(3e2189a4a8a93d44988c9d332f70c022) Importer(815301076,1909f56bfc062723c751e8b465ee728b)  -> (artifact id: 'f4dec03e04fb900e18cfc7f4eb8add94') in 0.007658 seconds 
========================================================================
Received Import Request.
  Time since last request: 0.000021 seconds.
  path: Assets/Tiny RPG Forest/Artwork/Environment/sliced-objects/tileset-sliced_33.asset
  artifactKey: Guid(f4bf10482e3dbbb4d8c8c4756b2cfb32) Importer(815301076,1909f56bfc062723c751e8b465ee728b)
Start importing Assets/Tiny RPG Forest/Artwork/Environment/sliced-objects/tileset-sliced_33.asset using Guid(f4bf10482e3dbbb4d8c8c4756b2cfb32) Importer(815301076,1909f56bfc062723c751e8b465ee728b)  -> (artifact id: '6b7920f502581bd6e091cebf08995641') in 0.007022 seconds 
========================================================================
Received Import Request.
  Time since last request: 0.000015 seconds.
  path: Assets/Tiny RPG Forest/Artwork/Environment/sliced-objects/tileset-sliced_32.asset
  artifactKey: Guid(994426eb194c0e6478cc8c6f84d4f169) Importer(815301076,1909f56bfc062723c751e8b465ee728b)
Start importing Assets/Tiny RPG Forest/Artwork/Environment/sliced-objects/tileset-sliced_32.asset using Guid(994426eb194c0e6478cc8c6f84d4f169) Importer(815301076,1909f56bfc062723c751e8b465ee728b)  -> (artifact id: 'a612723d4f8b30aa4e0f25af588b0d7c') in 0.007461 seconds 
========================================================================
Received Import Request.
  Time since last request: 0.000020 seconds.
  path: Assets/Tiny RPG Forest/Artwork/Environment/sliced-objects/tileset-sliced_41.asset
  artifactKey: Guid(4186cf506bfbce44481d5df8c9860630) Importer(815301076,1909f56bfc062723c751e8b465ee728b)
Start importing Assets/Tiny RPG Forest/Artwork/Environment/sliced-objects/tileset-sliced_41.asset using Guid(4186cf506bfbce44481d5df8c9860630) Importer(815301076,1909f56bfc062723c751e8b465ee728b)  -> (artifact id: '6ed2a3b52adb6a63caf8a821305c6d2c') in 0.008049 seconds 
========================================================================
Received Import Request.
  Time since last request: 0.000018 seconds.
  path: Assets/Tiny RPG Forest/Artwork/Environment/sliced-objects/tileset-sliced_45.asset
  artifactKey: Guid(bd23b71514ceb8d458bc6cf5a3354cc3) Importer(815301076,1909f56bfc062723c751e8b465ee728b)
Start importing Assets/Tiny RPG Forest/Artwork/Environment/sliced-objects/tileset-sliced_45.asset using Guid(bd23b71514ceb8d458bc6cf5a3354cc3) Importer(815301076,1909f56bfc062723c751e8b465ee728b)  -> (artifact id: '4887f1b02d7151b2fc2ec7e7003eb12c') in 0.007823 seconds 
========================================================================
Received Import Request.
  Time since last request: 0.000018 seconds.
  path: Assets/Tiny RPG Forest/Artwork/Environment/sliced-objects/tileset-sliced_31.asset
  artifactKey: Guid(356573bc973781740b147fb3fb7971bb) Importer(815301076,1909f56bfc062723c751e8b465ee728b)
Start importing Assets/Tiny RPG Forest/Artwork/Environment/sliced-objects/tileset-sliced_31.asset using Guid(356573bc973781740b147fb3fb7971bb) Importer(815301076,1909f56bfc062723c751e8b465ee728b)  -> (artifact id: 'ad92e7493200cd12bff945a1a2592316') in 0.008258 seconds 
========================================================================
Received Import Request.
  Time since last request: 0.000020 seconds.
  path: Assets/Tiny RPG Forest/Artwork/Environment/sliced-objects/tileset-sliced_35.asset
  artifactKey: Guid(e5d22a3d64002394f9143d61cd53e2a0) Importer(815301076,1909f56bfc062723c751e8b465ee728b)
Start importing Assets/Tiny RPG Forest/Artwork/Environment/sliced-objects/tileset-sliced_35.asset using Guid(e5d22a3d64002394f9143d61cd53e2a0) Importer(815301076,1909f56bfc062723c751e8b465ee728b)  -> (artifact id: 'b21d1727f720504b6e0e8f6706ab401e') in 0.007943 seconds 
========================================================================
Received Import Request.
  Time since last request: 0.000020 seconds.
  path: Assets/Tiny RPG Forest/Artwork/Environment/sliced-objects/tileset-sliced_49.asset
  artifactKey: Guid(ff591389f7dca8b4b85078a18f073788) Importer(815301076,1909f56bfc062723c751e8b465ee728b)
Start importing Assets/Tiny RPG Forest/Artwork/Environment/sliced-objects/tileset-sliced_49.asset using Guid(ff591389f7dca8b4b85078a18f073788) Importer(815301076,1909f56bfc062723c751e8b465ee728b)  -> (artifact id: 'b11200a30e3c08fff38a35907e53a33f') in 0.007666 seconds 
========================================================================
Received Import Request.
  Time since last request: 0.000020 seconds.
  path: Assets/Tiny RPG Forest/Artwork/Environment/sliced-objects/tileset-sliced_57.asset
  artifactKey: Guid(bcbde03b57a4dd649ba508588eb8f973) Importer(815301076,1909f56bfc062723c751e8b465ee728b)
Start importing Assets/Tiny RPG Forest/Artwork/Environment/sliced-objects/tileset-sliced_57.asset using Guid(bcbde03b57a4dd649ba508588eb8f973) Importer(815301076,1909f56bfc062723c751e8b465ee728b)  -> (artifact id: '879f5fc39a622b3f56a2e82824fb9ec8') in 0.008277 seconds 
========================================================================
Received Import Request.
  Time since last request: 0.000019 seconds.
  path: Assets/Tiny RPG Forest/Artwork/Environment/sliced-objects/tileset-sliced_63.asset
  artifactKey: Guid(5b416299261b4444aa9673d73adbaca8) Importer(815301076,1909f56bfc062723c751e8b465ee728b)
Start importing Assets/Tiny RPG Forest/Artwork/Environment/sliced-objects/tileset-sliced_63.asset using Guid(5b416299261b4444aa9673d73adbaca8) Importer(815301076,1909f56bfc062723c751e8b465ee728b)  -> (artifact id: 'b0410d7246e148fb7084623eb7edbddb') in 0.008156 seconds 
========================================================================
Received Import Request.
  Time since last request: 0.000017 seconds.
  path: Assets/Tiny RPG Forest/Artwork/Environment/sliced-objects/tileset-sliced_52.asset
  artifactKey: Guid(c6fe6453ed8ddda4d9c125c1e3ea3239) Importer(815301076,1909f56bfc062723c751e8b465ee728b)
Start importing Assets/Tiny RPG Forest/Artwork/Environment/sliced-objects/tileset-sliced_52.asset using Guid(c6fe6453ed8ddda4d9c125c1e3ea3239) Importer(815301076,1909f56bfc062723c751e8b465ee728b)  -> (artifact id: 'a62da3c8789ed5fb8fab5608a7879e94') in 0.008426 seconds 
========================================================================
Received Import Request.
  Time since last request: 0.000018 seconds.
  path: Assets/Tiny RPG Forest/Artwork/Environment/sliced-objects/tileset-sliced_43.asset
  artifactKey: Guid(0a51db7e6aecec444bc7ec77832f910b) Importer(815301076,1909f56bfc062723c751e8b465ee728b)
Start importing Assets/Tiny RPG Forest/Artwork/Environment/sliced-objects/tileset-sliced_43.asset using Guid(0a51db7e6aecec444bc7ec77832f910b) Importer(815301076,1909f56bfc062723c751e8b465ee728b)  -> (artifact id: '25028a1aff4f597f9dcb2040dcd1907d') in 0.008044 seconds 
========================================================================
Received Import Request.
  Time since last request: 0.000017 seconds.
  path: Assets/Tiny RPG Forest/Artwork/Environment/sliced-objects/tileset-sliced_48.asset
  artifactKey: Guid(b52328b296747d84dacae00c02ff2ec4) Importer(815301076,1909f56bfc062723c751e8b465ee728b)
Start importing Assets/Tiny RPG Forest/Artwork/Environment/sliced-objects/tileset-sliced_48.asset using Guid(b52328b296747d84dacae00c02ff2ec4) Importer(815301076,1909f56bfc062723c751e8b465ee728b)  -> (artifact id: 'f68d511fa3323cbf9e6f202218d7b3a1') in 0.008617 seconds 
========================================================================
Received Import Request.
  Time since last request: 0.000020 seconds.
  path: Assets/Tiny RPG Forest/Artwork/Environment/sliced-objects/tileset-sliced_61.asset
  artifactKey: Guid(5128f94f4fd6c5d40aadb2d3c2951230) Importer(815301076,1909f56bfc062723c751e8b465ee728b)
Start importing Assets/Tiny RPG Forest/Artwork/Environment/sliced-objects/tileset-sliced_61.asset using Guid(5128f94f4fd6c5d40aadb2d3c2951230) Importer(815301076,1909f56bfc062723c751e8b465ee728b)  -> (artifact id: '21d1c418dbf76c4a57337a8f64829d81') in 0.008405 seconds 
========================================================================
Received Import Request.
  Time since last request: 0.000024 seconds.
  path: Assets/Tiny RPG Forest/Artwork/Environment/sliced-objects/tileset-sliced_55.asset
  artifactKey: Guid(d3b1ec01488291b46b468c155bc8fee0) Importer(815301076,1909f56bfc062723c751e8b465ee728b)
Start importing Assets/Tiny RPG Forest/Artwork/Environment/sliced-objects/tileset-sliced_55.asset using Guid(d3b1ec01488291b46b468c155bc8fee0) Importer(815301076,1909f56bfc062723c751e8b465ee728b)  -> (artifact id: '793287111f5347416949d6393f0f3216') in 0.008397 seconds 
========================================================================
Received Import Request.
  Time since last request: 0.000029 seconds.
  path: Assets/Tiny RPG Forest/Artwork/Environment/sliced-objects/tileset-sliced_59.asset
  artifactKey: Guid(1c49c4f4c3be1754dab350d52040a519) Importer(815301076,1909f56bfc062723c751e8b465ee728b)
Start importing Assets/Tiny RPG Forest/Artwork/Environment/sliced-objects/tileset-sliced_59.asset using Guid(1c49c4f4c3be1754dab350d52040a519) Importer(815301076,1909f56bfc062723c751e8b465ee728b)  -> (artifact id: '960d461386d5b66f77f54136871cda93') in 0.007990 seconds 
========================================================================
Received Import Request.
  Time since last request: 0.000020 seconds.
  path: Assets/Tiny RPG Forest/Artwork/Environment/sliced-objects/tileset-sliced_47.asset
  artifactKey: Guid(a648d6b5c823def4e90293f23d501743) Importer(815301076,1909f56bfc062723c751e8b465ee728b)
Start importing Assets/Tiny RPG Forest/Artwork/Environment/sliced-objects/tileset-sliced_47.asset using Guid(a648d6b5c823def4e90293f23d501743) Importer(815301076,1909f56bfc062723c751e8b465ee728b)  -> (artifact id: '20e40df814525bd7a74678fa5f583759') in 0.008051 seconds 
========================================================================
Received Import Request.
  Time since last request: 0.000019 seconds.
  path: Assets/Tiny RPG Forest/Artwork/Environment/sliced-objects/tileset-sliced_53.asset
  artifactKey: Guid(b8360eeb84af40f498439ae46e550eb1) Importer(815301076,1909f56bfc062723c751e8b465ee728b)
Start importing Assets/Tiny RPG Forest/Artwork/Environment/sliced-objects/tileset-sliced_53.asset using Guid(b8360eeb84af40f498439ae46e550eb1) Importer(815301076,1909f56bfc062723c751e8b465ee728b)  -> (artifact id: 'dce380042bec72ce556304bf6b2bae8e') in 0.008098 seconds 
========================================================================
Received Import Request.
  Time since last request: 0.192482 seconds.
  path: Assets/Tiny RPG Forest/Artwork/Environment/sliced-objects/tileset-sliced_65.asset
  artifactKey: Guid(b5836f3f797a91047b3ee5c1a29730ff) Importer(815301076,1909f56bfc062723c751e8b465ee728b)
Start importing Assets/Tiny RPG Forest/Artwork/Environment/sliced-objects/tileset-sliced_65.asset using Guid(b5836f3f797a91047b3ee5c1a29730ff) Importer(815301076,1909f56bfc062723c751e8b465ee728b)  -> (artifact id: '31cc20b2835ae8df2f46edfefe534548') in 0.008693 seconds 
========================================================================
Received Import Request.
  Time since last request: 0.000020 seconds.
  path: Assets/Tiny RPG Forest/Artwork/Environment/sliced-objects/tileset-sliced_72.asset
  artifactKey: Guid(57dcbef612a686a42877bb129d05e05d) Importer(815301076,1909f56bfc062723c751e8b465ee728b)
Start importing Assets/Tiny RPG Forest/Artwork/Environment/sliced-objects/tileset-sliced_72.asset using Guid(57dcbef612a686a42877bb129d05e05d) Importer(815301076,1909f56bfc062723c751e8b465ee728b)  -> (artifact id: '8ad3c658ed29a311772b9c402b301e54') in 0.008454 seconds 
========================================================================
Received Import Request.
  Time since last request: 0.000023 seconds.
  path: Assets/Tiny RPG Forest/Artwork/Environment/sliced-objects/tileset-sliced_73.asset
  artifactKey: Guid(65caa3beb3486594ea378e645a8e43b2) Importer(815301076,1909f56bfc062723c751e8b465ee728b)
Start importing Assets/Tiny RPG Forest/Artwork/Environment/sliced-objects/tileset-sliced_73.asset using Guid(65caa3beb3486594ea378e645a8e43b2) Importer(815301076,1909f56bfc062723c751e8b465ee728b)  -> (artifact id: 'd95d0a76b599c77d21cb8cd9ebbc896e') in 0.007568 seconds 
========================================================================
Received Import Request.
  Time since last request: 0.000025 seconds.
  path: Assets/Tiny RPG Forest/Artwork/Environment/sliced-objects/tileset-sliced_81.asset
  artifactKey: Guid(a08b4306dca6b484cba9eb5bae54d700) Importer(815301076,1909f56bfc062723c751e8b465ee728b)
Start importing Assets/Tiny RPG Forest/Artwork/Environment/sliced-objects/tileset-sliced_81.asset using Guid(a08b4306dca6b484cba9eb5bae54d700) Importer(815301076,1909f56bfc062723c751e8b465ee728b)  -> (artifact id: 'eae3a18edb270f020d73005eb14ba59c') in 0.007437 seconds 
========================================================================
Received Import Request.
  Time since last request: 0.000020 seconds.
  path: Assets/Tiny RPG Forest/Artwork/Environment/sliced-objects/tileset-sliced_66.asset
  artifactKey: Guid(dd9d6e2c47560f9458d843b2a20c4a46) Importer(815301076,1909f56bfc062723c751e8b465ee728b)
Start importing Assets/Tiny RPG Forest/Artwork/Environment/sliced-objects/tileset-sliced_66.asset using Guid(dd9d6e2c47560f9458d843b2a20c4a46) Importer(815301076,1909f56bfc062723c751e8b465ee728b)  -> (artifact id: '7a1cd30c6f6304fdf32c408c3e6cce66') in 0.008912 seconds 
========================================================================
Received Import Request.
  Time since last request: 0.000017 seconds.
  path: Assets/Tiny RPG Forest/Artwork/Environment/sliced-objects/tileset-sliced_76.asset
  artifactKey: Guid(5f6d17a980a0e2340a109488572da24f) Importer(815301076,1909f56bfc062723c751e8b465ee728b)
Start importing Assets/Tiny RPG Forest/Artwork/Environment/sliced-objects/tileset-sliced_76.asset using Guid(5f6d17a980a0e2340a109488572da24f) Importer(815301076,1909f56bfc062723c751e8b465ee728b)  -> (artifact id: 'f19b742426e8fba06ef9042ab19d3a5c') in 0.008393 seconds 
========================================================================
Received Import Request.
  Time since last request: 0.000018 seconds.
  path: Assets/Tiny RPG Forest/Artwork/Environment/sliced-objects/tileset-sliced_90.asset
  artifactKey: Guid(66f5df3a73263124eb5e46e22aaf8a27) Importer(815301076,1909f56bfc062723c751e8b465ee728b)
Start importing Assets/Tiny RPG Forest/Artwork/Environment/sliced-objects/tileset-sliced_90.asset using Guid(66f5df3a73263124eb5e46e22aaf8a27) Importer(815301076,1909f56bfc062723c751e8b465ee728b)  -> (artifact id: '5f25b5a7702ac05a702514475fd3ca65') in 0.008456 seconds 
========================================================================
Received Import Request.
  Time since last request: 0.000017 seconds.
  path: Assets/Tiny RPG Forest/Artwork/Environment/sliced-objects/tileset-sliced_83.asset
  artifactKey: Guid(8876cae18633f984dad8e878406263e8) Importer(815301076,1909f56bfc062723c751e8b465ee728b)
Start importing Assets/Tiny RPG Forest/Artwork/Environment/sliced-objects/tileset-sliced_83.asset using Guid(8876cae18633f984dad8e878406263e8) Importer(815301076,1909f56bfc062723c751e8b465ee728b)  -> (artifact id: '89cf72b9eb82bfa7626a343b7f37ea8b') in 0.008197 seconds 
========================================================================
Received Import Request.
  Time since last request: 0.000020 seconds.
  path: Assets/Tiny RPG Forest/Artwork/Environment/sliced-objects/tileset-sliced_88.asset
  artifactKey: Guid(aa4dc705c8fccb646be4f3e842c58f9c) Importer(815301076,1909f56bfc062723c751e8b465ee728b)
Start importing Assets/Tiny RPG Forest/Artwork/Environment/sliced-objects/tileset-sliced_88.asset using Guid(aa4dc705c8fccb646be4f3e842c58f9c) Importer(815301076,1909f56bfc062723c751e8b465ee728b)  -> (artifact id: '944ebfdf87c38d8c1af0ce6c0d095e51') in 0.007818 seconds 
========================================================================
Received Import Request.
  Time since last request: 0.000021 seconds.
  path: Assets/Tiny RPG Forest/Artwork/Environment/sliced-objects/tileset-sliced_77.asset
  artifactKey: Guid(8c1f942e355f3504d8a23cec049aaf79) Importer(815301076,1909f56bfc062723c751e8b465ee728b)
Start importing Assets/Tiny RPG Forest/Artwork/Environment/sliced-objects/tileset-sliced_77.asset using Guid(8c1f942e355f3504d8a23cec049aaf79) Importer(815301076,1909f56bfc062723c751e8b465ee728b)  -> (artifact id: '80749e123e79beb7128cffcab1f81e6f') in 0.008725 seconds 
========================================================================
Received Import Request.
  Time since last request: 0.000019 seconds.
  path: Assets/Tiny RPG Forest/Artwork/Environment/sliced-objects/tileset-sliced_69.asset
  artifactKey: Guid(836505fd0121fbe4c847dffdd11c3c6b) Importer(815301076,1909f56bfc062723c751e8b465ee728b)
Start importing Assets/Tiny RPG Forest/Artwork/Environment/sliced-objects/tileset-sliced_69.asset using Guid(836505fd0121fbe4c847dffdd11c3c6b) Importer(815301076,1909f56bfc062723c751e8b465ee728b)  -> (artifact id: '63cd0f573ac7d7cf6eab42332aeae3e3') in 0.009685 seconds 
========================================================================
Received Import Request.
  Time since last request: 0.000015 seconds.
  path: Assets/Tiny RPG Forest/Artwork/Environment/sliced-objects/tileset-sliced_82.asset
  artifactKey: Guid(f371b4025c10b7b468afa3c89f034eb3) Importer(815301076,1909f56bfc062723c751e8b465ee728b)
Start importing Assets/Tiny RPG Forest/Artwork/Environment/sliced-objects/tileset-sliced_82.asset using Guid(f371b4025c10b7b468afa3c89f034eb3) Importer(815301076,1909f56bfc062723c751e8b465ee728b)  -> (artifact id: '5d3e7c147836c9c9d8aabf81e8f4a935') in 0.008257 seconds 
========================================================================
Received Import Request.
  Time since last request: 0.000017 seconds.
  path: Assets/Tiny RPG Forest/Artwork/Environment/sliced-objects/tileset-sliced_79.asset
  artifactKey: Guid(38b198d86c7b5ed4c8c5e2c80e936c99) Importer(815301076,1909f56bfc062723c751e8b465ee728b)
Start importing Assets/Tiny RPG Forest/Artwork/Environment/sliced-objects/tileset-sliced_79.asset using Guid(38b198d86c7b5ed4c8c5e2c80e936c99) Importer(815301076,1909f56bfc062723c751e8b465ee728b)  -> (artifact id: '367cf28555d1ff1379ee334d6be88e8b') in 0.008124 seconds 
========================================================================
Received Import Request.
  Time since last request: 0.000020 seconds.
  path: Assets/Tiny RPG Forest/Artwork/Environment/sliced-objects/tileset-sliced_74.asset
  artifactKey: Guid(89f51d8b8de05ed4bacf4f9a51dffae6) Importer(815301076,1909f56bfc062723c751e8b465ee728b)
Start importing Assets/Tiny RPG Forest/Artwork/Environment/sliced-objects/tileset-sliced_74.asset using Guid(89f51d8b8de05ed4bacf4f9a51dffae6) Importer(815301076,1909f56bfc062723c751e8b465ee728b)  -> (artifact id: '0a6feac938dd1e73c37b574c4dc21102') in 0.007972 seconds 
Editor requested this worker to shutdown with reason: Scaling down because of idle timeout
AssetImportWorker is now disconnected from the server
Process exiting
Exiting without the bug reporter. Application will terminate with return code 0