Using pre-set license
Built from '2021.3/staging' branch; Version is '2021.3.9f1 (ad3870b89536) revision 11352176'; Using compiler version '192829333'; Build Type 'Release'
OS: 'Windows 11  (10.0.22000) 64bit CoreSingleLanguage' Language: 'ru' Physical Memory: 32469 MB
BatchMode: 1, IsHumanControllingUs: 0, StartBugReporterOnCrash: 0, Is64bit: 1, IsPro: 1

COMMAND LINE ARGUMENTS:
C:\Program Files\Unity\Hub\Editor\2021.3.9f1\Editor\Unity.exe
-adb2
-batchMode
-noUpm
-name
AssetImportWorker7
-projectPath
C:/Users/Denis/Game_Prototype
-logFile
Logs/AssetImportWorker7.log
-srvPort
56708
Successfully changed project path to: C:/Users/Denis/Game_Prototype
C:/Users/Denis/Game_Prototype
[UnityMemory] Configuration Parameters - Can be set up in boot.config
    "memorysetup-bucket-allocator-granularity=16"
    "memorysetup-bucket-allocator-bucket-count=8"
    "memorysetup-bucket-allocator-block-size=33554432"
    "memorysetup-bucket-allocator-block-count=8"
    "memorysetup-main-allocator-block-size=16777216"
    "memorysetup-thread-allocator-block-size=16777216"
    "memorysetup-gfx-main-allocator-block-size=16777216"
    "memorysetup-gfx-thread-allocator-block-size=16777216"
    "memorysetup-cache-allocator-block-size=4194304"
    "memorysetup-typetree-allocator-block-size=2097152"
    "memorysetup-profiler-bucket-allocator-granularity=16"
    "memorysetup-profiler-bucket-allocator-bucket-count=8"
    "memorysetup-profiler-bucket-allocator-block-size=33554432"
    "memorysetup-profiler-bucket-allocator-block-count=8"
    "memorysetup-profiler-allocator-block-size=16777216"
    "memorysetup-profiler-editor-allocator-block-size=1048576"
    "memorysetup-temp-allocator-size-main=16777216"
    "memorysetup-job-temp-allocator-block-size=2097152"
    "memorysetup-job-temp-allocator-block-size-background=1048576"
    "memorysetup-job-temp-allocator-reduction-small-platforms=262144"
    "memorysetup-temp-allocator-size-background-worker=32768"
    "memorysetup-temp-allocator-size-job-worker=262144"
    "memorysetup-temp-allocator-size-preload-manager=33554432"
    "memorysetup-temp-allocator-size-nav-mesh-worker=65536"
    "memorysetup-temp-allocator-size-audio-worker=65536"
    "memorysetup-temp-allocator-size-cloud-worker=32768"
    "memorysetup-temp-allocator-size-gi-baking-worker=262144"
    "memorysetup-temp-allocator-size-gfx=262144"
Refreshing native plugins compatible for Editor in 82.01 ms, found 4 plugins.
Preloading 0 native plugins for Editor in 0.00 ms.
Initialize engine version: 2021.3.9f1 (ad3870b89536)
[Subsystems] Discovering subsystems at path C:/Program Files/Unity/Hub/Editor/2021.3.9f1/Editor/Data/Resources/UnitySubsystems
[Subsystems] Discovering subsystems at path C:/Users/Denis/Game_Prototype/Assets
GfxDevice: creating device client; threaded=0; jobified=0
Direct3D:
    Version:  Direct3D 11.0 [level 11.1]
    Renderer: NVIDIA GeForce RTX 3080 Ti Laptop GPU (ID=0x2420)
    Vendor:   NVIDIA
    VRAM:     16189 MB
    Driver:   31.0.15.2756
Initialize mono
Mono path[0] = 'C:/Program Files/Unity/Hub/Editor/2021.3.9f1/Editor/Data/Managed'
Mono path[1] = 'C:/Program Files/Unity/Hub/Editor/2021.3.9f1/Editor/Data/MonoBleedingEdge/lib/mono/unityjit-win32'
Mono config path = 'C:/Program Files/Unity/Hub/Editor/2021.3.9f1/Editor/Data/MonoBleedingEdge/etc'
Using monoOptions --debugger-agent=transport=dt_socket,embedding=1,server=y,suspend=n,address=127.0.0.1:56416
Begin MonoManager ReloadAssembly
Registering precompiled unity dll's ...
Register platform support module: C:/Program Files/Unity/Hub/Editor/2021.3.9f1/Editor/Data/PlaybackEngines/WebGLSupport/UnityEditor.WebGL.Extensions.dll
Register platform support module: C:/Program Files/Unity/Hub/Editor/2021.3.9f1/Editor/Data/PlaybackEngines/AndroidPlayer/UnityEditor.Android.Extensions.dll
Register platform support module: C:/Program Files/Unity/Hub/Editor/2021.3.9f1/Editor/Data/PlaybackEngines/WindowsStandaloneSupport/UnityEditor.WindowsStandalone.Extensions.dll
Registered in 0.005003 seconds.
Native extension for WindowsStandalone target not found
Native extension for Android target not found
Native extension for WebGL target not found
Refreshing native plugins compatible for Editor in 74.48 ms, found 4 plugins.
Preloading 0 native plugins for Editor in 0.00 ms.
Mono: successfully reloaded assembly
- Completed reload, in  0.545 seconds
Domain Reload Profiling:
	ReloadAssembly (545ms)
		BeginReloadAssembly (63ms)
			ExecutionOrderSort (0ms)
			DisableScriptedObjects (0ms)
			BackupInstance (0ms)
			ReleaseScriptingObjects (0ms)
			CreateAndSetChildDomain (1ms)
		EndReloadAssembly (386ms)
			LoadAssemblies (62ms)
			RebuildTransferFunctionScriptingTraits (0ms)
			SetupTypeCache (91ms)
			ReleaseScriptCaches (0ms)
			RebuildScriptCaches (24ms)
			SetupLoadedEditorAssemblies (226ms)
				LogAssemblyErrors (0ms)
				InitializePlatformSupportModulesInManaged (46ms)
				SetLoadedEditorAssemblies (1ms)
				RefreshPlugins (75ms)
				BeforeProcessingInitializeOnLoad (1ms)
				ProcessInitializeOnLoadAttributes (70ms)
				ProcessInitializeOnLoadMethodAttributes (33ms)
				AfterProcessingInitializeOnLoad (0ms)
				EditorAssembliesLoaded (0ms)
			ExecutionOrderSort2 (0ms)
			AwakeInstancesAfterBackupRestoration (0ms)
Platform modules already initialized, skipping
Registering precompiled user dll's ...
Registered in 0.004907 seconds.
Begin MonoManager ReloadAssembly
Symbol file LoadedFromMemory doesn't match image C:\Users\Denis\Game_Prototype\Library\PackageCache\com.unity.visualscripting@1.7.8\Editor\VisualScripting.Core\Dependencies\YamlDotNet\Unity.VisualScripting.YamlDotNet.dll
Symbol file LoadedFromMemory doesn't match image C:\Users\Denis\Game_Prototype\Library\PackageCache\com.unity.visualscripting@1.7.8\Editor\VisualScripting.Core\Dependencies\DotNetZip\Unity.VisualScripting.IonicZip.dll
Native extension for WindowsStandalone target not found
Native extension for Android target not found
Native extension for WebGL target not found
Refreshing native plugins compatible for Editor in 70.20 ms, found 4 plugins.
Preloading 0 native plugins for Editor in 0.00 ms.
Mono: successfully reloaded assembly
- Completed reload, in  0.951 seconds
Domain Reload Profiling:
	ReloadAssembly (951ms)
		BeginReloadAssembly (187ms)
			ExecutionOrderSort (0ms)
			DisableScriptedObjects (4ms)
			BackupInstance (0ms)
			ReleaseScriptingObjects (0ms)
			CreateAndSetChildDomain (125ms)
		EndReloadAssembly (679ms)
			LoadAssemblies (58ms)
			RebuildTransferFunctionScriptingTraits (0ms)
			SetupTypeCache (185ms)
			ReleaseScriptCaches (0ms)
			RebuildScriptCaches (43ms)
			SetupLoadedEditorAssemblies (357ms)
				LogAssemblyErrors (0ms)
				InitializePlatformSupportModulesInManaged (10ms)
				SetLoadedEditorAssemblies (0ms)
				RefreshPlugins (70ms)
				BeforeProcessingInitializeOnLoad (67ms)
				ProcessInitializeOnLoadAttributes (169ms)
				ProcessInitializeOnLoadMethodAttributes (37ms)
				AfterProcessingInitializeOnLoad (4ms)
				EditorAssembliesLoaded (0ms)
			ExecutionOrderSort2 (0ms)
			AwakeInstancesAfterBackupRestoration (4ms)
Platform modules already initialized, skipping
========================================================================
Worker process is ready to serve import requests
Launched and connected shader compiler UnityShaderCompiler.exe after 0.03 seconds
Refreshing native plugins compatible for Editor in 0.67 ms, found 4 plugins.
Preloading 0 native plugins for Editor in 0.00 ms.
Unloading 4359 Unused Serialized files (Serialized files now loaded: 0)
Unloading 41 unused Assets / (134.1 KB). Loaded Objects now: 4838.
Memory consumption went from 254.2 MB to 254.1 MB.
Total: 2.602500 ms (FindLiveObjects: 0.228400 ms CreateObjectMapping: 0.111700 ms MarkObjects: 2.148700 ms  DeleteObjects: 0.113000 ms)

AssetImportParameters requested are different than current active one (requested -> active):
  custom:video-decoder-ogg-theora: a1e56fd34408186e4bbccfd4996cb3dc -> 
  custom:container-muxer-webm: aa71ff27fc2769a1b78a27578f13a17b -> 
  custom:container-demuxer-webm: 4f35f7cbe854078d1ac9338744f61a02 -> 
  custom:video-encoder-webm-vp8: eb34c28f22e8b96e1ab97ce403110664 -> 
  custom:audio-encoder-webm-vorbis: bf7c407c2cedff20999df2af8eb42d56 -> 
  custom:framework-win-MediaFoundation: 216162199b28c13a410421893ffa2e32 -> 
  custom:container-demuxer-ogg: 62fdf1f143b41e24485cea50d1cbac27 -> 
  custom:video-decoder-webm-vp8: 9c59270c3fd7afecdb556c50c9e8de78 -> 
  custom:audio-decoder-ogg-vorbis: bf7c407c2cedff20999df2af8eb42d56 -> 
========================================================================
Received Prepare
Refreshing native plugins compatible for Editor in 3.51 ms, found 4 plugins.
Preloading 0 native plugins for Editor in 0.00 ms.
Unloading 29 Unused Serialized files (Serialized files now loaded: 0)
Unloading 29 unused Assets / (125.5 KB). Loaded Objects now: 4838.
Memory consumption went from 165.9 MB to 165.8 MB.
Total: 2.561100 ms (FindLiveObjects: 0.239800 ms CreateObjectMapping: 0.133300 ms MarkObjects: 2.090100 ms  DeleteObjects: 0.097300 ms)

AssetImportParameters requested are different than current active one (requested -> active):
  custom:video-decoder-ogg-theora: a1e56fd34408186e4bbccfd4996cb3dc -> 
  custom:container-muxer-webm: aa71ff27fc2769a1b78a27578f13a17b -> 
  custom:container-demuxer-webm: 4f35f7cbe854078d1ac9338744f61a02 -> 
  custom:video-encoder-webm-vp8: eb34c28f22e8b96e1ab97ce403110664 -> 
  custom:audio-encoder-webm-vorbis: bf7c407c2cedff20999df2af8eb42d56 -> 
  custom:framework-win-MediaFoundation: 216162199b28c13a410421893ffa2e32 -> 
  custom:SearchIndexIgnoredProperties: e643bd26f0fe6173181afceb89e7c659 -> 
  custom:container-demuxer-ogg: 62fdf1f143b41e24485cea50d1cbac27 -> 
  custom:video-decoder-webm-vp8: 9c59270c3fd7afecdb556c50c9e8de78 -> 
  custom:audio-decoder-ogg-vorbis: bf7c407c2cedff20999df2af8eb42d56 -> 
========================================================================
Received Import Request.
  Time since last request: 1426864.869523 seconds.
  path: Assets/Tiny RPG Forest/Artwork/Environment/sliced-objects/sign.png
  artifactKey: Guid(b52a57bea9b6a47e096e15fd1bbe2fb0) Importer(815301076,1909f56bfc062723c751e8b465ee728b)
Start importing Assets/Tiny RPG Forest/Artwork/Environment/sliced-objects/sign.png using Guid(b52a57bea9b6a47e096e15fd1bbe2fb0) Importer(815301076,1909f56bfc062723c751e8b465ee728b)  -> (artifact id: 'cb2b8df99c8614155a8c0dc645acea60') in 0.108338 seconds 
========================================================================
Received Import Request.
  Time since last request: 9.313424 seconds.
  path: Assets/Tiny RPG Forest/Artwork/Environment/sliced-objects/tileset-sliced_95.asset
  artifactKey: Guid(4cb86b8e93bf0d047abb157ce9702502) Importer(815301076,1909f56bfc062723c751e8b465ee728b)
Start importing Assets/Tiny RPG Forest/Artwork/Environment/sliced-objects/tileset-sliced_95.asset using Guid(4cb86b8e93bf0d047abb157ce9702502) Importer(815301076,1909f56bfc062723c751e8b465ee728b)  -> (artifact id: '6df98322b5d133431755947e92be83ea') in 0.016063 seconds 
========================================================================
Received Import Request.
  Time since last request: 0.000018 seconds.
  path: Assets/Tiny RPG Forest/Artwork/Environment/sliced-objects/tileset-sliced_114.asset
  artifactKey: Guid(d06cff55ad86b264aa34c19824c9fdce) Importer(815301076,1909f56bfc062723c751e8b465ee728b)
Start importing Assets/Tiny RPG Forest/Artwork/Environment/sliced-objects/tileset-sliced_114.asset using Guid(d06cff55ad86b264aa34c19824c9fdce) Importer(815301076,1909f56bfc062723c751e8b465ee728b)  -> (artifact id: '51239eef02704ca33d2505019d94fc5b') in 0.008779 seconds 
========================================================================
Received Import Request.
  Time since last request: 0.000018 seconds.
  path: Assets/Tiny RPG Forest/Artwork/Environment/sliced-objects/tileset-sliced_96.asset
  artifactKey: Guid(4bd6fdeb821608a42a3ee9825a3c1db0) Importer(815301076,1909f56bfc062723c751e8b465ee728b)
Start importing Assets/Tiny RPG Forest/Artwork/Environment/sliced-objects/tileset-sliced_96.asset using Guid(4bd6fdeb821608a42a3ee9825a3c1db0) Importer(815301076,1909f56bfc062723c751e8b465ee728b)  -> (artifact id: '8d3824a8b833af64bf0b746ba923fd49') in 0.008125 seconds 
========================================================================
Received Import Request.
  Time since last request: 0.000020 seconds.
  path: Assets/Tiny RPG Forest/Artwork/Environment/sliced-objects/tileset-sliced_103.asset
  artifactKey: Guid(fa3484194a96b2547b69822cc1d49ced) Importer(815301076,1909f56bfc062723c751e8b465ee728b)
Start importing Assets/Tiny RPG Forest/Artwork/Environment/sliced-objects/tileset-sliced_103.asset using Guid(fa3484194a96b2547b69822cc1d49ced) Importer(815301076,1909f56bfc062723c751e8b465ee728b)  -> (artifact id: 'b5c813d69073afc87643f469cf683a28') in 0.008606 seconds 
========================================================================
Received Import Request.
  Time since last request: 0.000017 seconds.
  path: Assets/Tiny RPG Forest/Artwork/Environment/sliced-objects/tileset-sliced_107.asset
  artifactKey: Guid(248753913b3fa31478b1e479fc0c3643) Importer(815301076,1909f56bfc062723c751e8b465ee728b)
Start importing Assets/Tiny RPG Forest/Artwork/Environment/sliced-objects/tileset-sliced_107.asset using Guid(248753913b3fa31478b1e479fc0c3643) Importer(815301076,1909f56bfc062723c751e8b465ee728b)  -> (artifact id: '895232727d20a98ebc2e5c55f296fa79') in 0.008618 seconds 
========================================================================
Received Import Request.
  Time since last request: 0.000016 seconds.
  path: Assets/Tiny RPG Forest/Artwork/Environment/sliced-objects/tileset-sliced_112.asset
  artifactKey: Guid(63dc9f9cdb0392b408ddda46c4a7ee29) Importer(815301076,1909f56bfc062723c751e8b465ee728b)
Start importing Assets/Tiny RPG Forest/Artwork/Environment/sliced-objects/tileset-sliced_112.asset using Guid(63dc9f9cdb0392b408ddda46c4a7ee29) Importer(815301076,1909f56bfc062723c751e8b465ee728b)  -> (artifact id: 'a168e2d707c28683d3a39f4c823d5483') in 0.008268 seconds 
========================================================================
Received Import Request.
  Time since last request: 0.144370 seconds.
  path: Assets/Tiny RPG Forest/Artwork/Environment/sliced-objects/tileset-sliced_125.asset
  artifactKey: Guid(b171507deef441443a0776c82c59e03b) Importer(815301076,1909f56bfc062723c751e8b465ee728b)
Start importing Assets/Tiny RPG Forest/Artwork/Environment/sliced-objects/tileset-sliced_125.asset using Guid(b171507deef441443a0776c82c59e03b) Importer(815301076,1909f56bfc062723c751e8b465ee728b)  -> (artifact id: '392e966ed20364d1b018217000738d9f') in 0.009071 seconds 
========================================================================
Received Import Request.
  Time since last request: 0.039566 seconds.
  path: Assets/Tiny RPG Forest/Artwork/Environment/sliced-objects/tileset-sliced_142.asset
  artifactKey: Guid(ebe3e7a1d6c176043b1b7e22731b79ab) Importer(815301076,1909f56bfc062723c751e8b465ee728b)
Start importing Assets/Tiny RPG Forest/Artwork/Environment/sliced-objects/tileset-sliced_142.asset using Guid(ebe3e7a1d6c176043b1b7e22731b79ab) Importer(815301076,1909f56bfc062723c751e8b465ee728b)  -> (artifact id: '97de0ab916dfc101035d2f59d79d770b') in 0.007855 seconds 
========================================================================
Received Import Request.
  Time since last request: 0.000015 seconds.
  path: Assets/Tiny RPG Forest/Artwork/Environment/sliced-objects/tileset-sliced_143.asset
  artifactKey: Guid(fe7e0c8875cc8504792f9d433e1bfd1c) Importer(815301076,1909f56bfc062723c751e8b465ee728b)
Start importing Assets/Tiny RPG Forest/Artwork/Environment/sliced-objects/tileset-sliced_143.asset using Guid(fe7e0c8875cc8504792f9d433e1bfd1c) Importer(815301076,1909f56bfc062723c751e8b465ee728b)  -> (artifact id: '44185731745350fa8db5780728c89d58') in 0.008274 seconds 
========================================================================
Received Import Request.
  Time since last request: 0.000015 seconds.
  path: Assets/Tiny RPG Forest/Artwork/Environment/sliced-objects/tileset-sliced_155.asset
  artifactKey: Guid(dea916c4ce52f7044bc27ca9b6b8157a) Importer(815301076,1909f56bfc062723c751e8b465ee728b)
Start importing Assets/Tiny RPG Forest/Artwork/Environment/sliced-objects/tileset-sliced_155.asset using Guid(dea916c4ce52f7044bc27ca9b6b8157a) Importer(815301076,1909f56bfc062723c751e8b465ee728b)  -> (artifact id: '112e6012ce3097015361ba1234cf8344') in 0.009118 seconds 
========================================================================
Received Import Request.
  Time since last request: 0.000019 seconds.
  path: Assets/Tiny RPG Forest/Artwork/Environment/sliced-objects/tileset-sliced_162.asset
  artifactKey: Guid(b8009ea5bca224f49a597bbc199504e3) Importer(815301076,1909f56bfc062723c751e8b465ee728b)
Start importing Assets/Tiny RPG Forest/Artwork/Environment/sliced-objects/tileset-sliced_162.asset using Guid(b8009ea5bca224f49a597bbc199504e3) Importer(815301076,1909f56bfc062723c751e8b465ee728b)  -> (artifact id: 'b45b06b608d131b3955dbb0a7a3192ba') in 0.008589 seconds 
========================================================================
Received Import Request.
  Time since last request: 0.000028 seconds.
  path: Assets/Tiny RPG Forest/Artwork/Environment/sliced-objects/tileset-sliced_191.asset
  artifactKey: Guid(e181436d6c94a794aba2e732f02cc720) Importer(815301076,1909f56bfc062723c751e8b465ee728b)
Start importing Assets/Tiny RPG Forest/Artwork/Environment/sliced-objects/tileset-sliced_191.asset using Guid(e181436d6c94a794aba2e732f02cc720) Importer(815301076,1909f56bfc062723c751e8b465ee728b)  -> (artifact id: 'f4f4a346c89b74dfca721f2b8962c5c7') in 0.008304 seconds 
========================================================================
Received Import Request.
  Time since last request: 0.000025 seconds.
  path: Assets/Tiny RPG Forest/Artwork/Environment/sliced-objects/tileset-sliced_157.asset
  artifactKey: Guid(0835683f5fc581d4882fe9396f893547) Importer(815301076,1909f56bfc062723c751e8b465ee728b)
Start importing Assets/Tiny RPG Forest/Artwork/Environment/sliced-objects/tileset-sliced_157.asset using Guid(0835683f5fc581d4882fe9396f893547) Importer(815301076,1909f56bfc062723c751e8b465ee728b)  -> (artifact id: 'c376185c92b8a377dd36b19b8e328d82') in 0.008016 seconds 
========================================================================
Received Import Request.
  Time since last request: 0.000015 seconds.
  path: Assets/Tiny RPG Forest/Artwork/Environment/sliced-objects/tileset-sliced_181.asset
  artifactKey: Guid(c6fdfa95c3d55d348ad741d774cb0b55) Importer(815301076,1909f56bfc062723c751e8b465ee728b)
Start importing Assets/Tiny RPG Forest/Artwork/Environment/sliced-objects/tileset-sliced_181.asset using Guid(c6fdfa95c3d55d348ad741d774cb0b55) Importer(815301076,1909f56bfc062723c751e8b465ee728b)  -> (artifact id: '1b7e77f845b75b3599c322e353aaef01') in 0.008238 seconds 
========================================================================
Received Import Request.
  Time since last request: 0.000017 seconds.
  path: Assets/Tiny RPG Forest/Artwork/Environment/sliced-objects/tileset-sliced_167.asset
  artifactKey: Guid(e505db78281f0c34aafbc9f5fbf9d958) Importer(815301076,1909f56bfc062723c751e8b465ee728b)
Start importing Assets/Tiny RPG Forest/Artwork/Environment/sliced-objects/tileset-sliced_167.asset using Guid(e505db78281f0c34aafbc9f5fbf9d958) Importer(815301076,1909f56bfc062723c751e8b465ee728b)  -> (artifact id: 'de0b09e1266ee93d95410e35054bb2c6') in 0.009011 seconds 
========================================================================
Received Import Request.
  Time since last request: 0.000019 seconds.
  path: Assets/Tiny RPG Forest/Artwork/Environment/sliced-objects/tileset-sliced_177.asset
  artifactKey: Guid(a0fd982ea8a192643a6f6db6d88b8e94) Importer(815301076,1909f56bfc062723c751e8b465ee728b)
Start importing Assets/Tiny RPG Forest/Artwork/Environment/sliced-objects/tileset-sliced_177.asset using Guid(a0fd982ea8a192643a6f6db6d88b8e94) Importer(815301076,1909f56bfc062723c751e8b465ee728b)  -> (artifact id: '9551b9581a3e689762e3c37168629044') in 0.008209 seconds 
========================================================================
Received Import Request.
  Time since last request: 0.000017 seconds.
  path: Assets/Tiny RPG Forest/Artwork/Environment/sliced-objects/tileset-sliced_163.asset
  artifactKey: Guid(fc756992d8de9c24ba4e77c4b45a8362) Importer(815301076,1909f56bfc062723c751e8b465ee728b)
Start importing Assets/Tiny RPG Forest/Artwork/Environment/sliced-objects/tileset-sliced_163.asset using Guid(fc756992d8de9c24ba4e77c4b45a8362) Importer(815301076,1909f56bfc062723c751e8b465ee728b)  -> (artifact id: 'b32a6e7ed817411d4fc56bcd0947b53f') in 0.007742 seconds 
========================================================================
Received Import Request.
  Time since last request: 0.000018 seconds.
  path: Assets/Tiny RPG Forest/Artwork/Environment/sliced-objects/tileset-sliced_148.asset
  artifactKey: Guid(e1e4aad1923d9274f826759c9833e21b) Importer(815301076,1909f56bfc062723c751e8b465ee728b)
Start importing Assets/Tiny RPG Forest/Artwork/Environment/sliced-objects/tileset-sliced_148.asset using Guid(e1e4aad1923d9274f826759c9833e21b) Importer(815301076,1909f56bfc062723c751e8b465ee728b)  -> (artifact id: '53ed1aece004098c01e52e75ce200405') in 0.008600 seconds 
========================================================================
Received Import Request.
  Time since last request: 0.096570 seconds.
  path: Assets/Tiny RPG Forest/Artwork/Environment/sliced-objects/tileset-sliced_197.asset
  artifactKey: Guid(a728cf42642ef3e439a5b6e870fc3fd1) Importer(815301076,1909f56bfc062723c751e8b465ee728b)
Start importing Assets/Tiny RPG Forest/Artwork/Environment/sliced-objects/tileset-sliced_197.asset using Guid(a728cf42642ef3e439a5b6e870fc3fd1) Importer(815301076,1909f56bfc062723c751e8b465ee728b)  -> (artifact id: '5f085a6c2c7d1cb064ef3334f673b196') in 0.007866 seconds 
========================================================================
Received Import Request.
  Time since last request: 0.039666 seconds.
  path: Assets/Tiny RPG Forest/Artwork/Environment/sliced-objects/tileset-sliced_206.asset
  artifactKey: Guid(41163f48278a2b747969d93198a2a24c) Importer(815301076,1909f56bfc062723c751e8b465ee728b)
Start importing Assets/Tiny RPG Forest/Artwork/Environment/sliced-objects/tileset-sliced_206.asset using Guid(41163f48278a2b747969d93198a2a24c) Importer(815301076,1909f56bfc062723c751e8b465ee728b)  -> (artifact id: 'aa5084f4b571d571a2260662cb7b59bb') in 0.008245 seconds 
========================================================================
Received Import Request.
  Time since last request: 0.000017 seconds.
  path: Assets/Tiny RPG Forest/Artwork/Environment/sliced-objects/tileset-sliced_207.asset
  artifactKey: Guid(be0f39f3a4d13b54c84119e09c22a9af) Importer(815301076,1909f56bfc062723c751e8b465ee728b)
Start importing Assets/Tiny RPG Forest/Artwork/Environment/sliced-objects/tileset-sliced_207.asset using Guid(be0f39f3a4d13b54c84119e09c22a9af) Importer(815301076,1909f56bfc062723c751e8b465ee728b)  -> (artifact id: 'c4327702b4ab85fe2ca7a9fa45edc25f') in 0.008999 seconds 
========================================================================
Received Import Request.
  Time since last request: 0.000047 seconds.
  path: Assets/Tiny RPG Forest/Artwork/Environment/sliced-objects/tileset-sliced_236.asset
  artifactKey: Guid(069a663c5c82ba342a13956baf814068) Importer(815301076,1909f56bfc062723c751e8b465ee728b)
Start importing Assets/Tiny RPG Forest/Artwork/Environment/sliced-objects/tileset-sliced_236.asset using Guid(069a663c5c82ba342a13956baf814068) Importer(815301076,1909f56bfc062723c751e8b465ee728b)  -> (artifact id: '5dfaccc956b6667461ee74ed1c9c61c1') in 0.009676 seconds 
========================================================================
Received Import Request.
  Time since last request: 0.000024 seconds.
  path: Assets/Tiny RPG Forest/Artwork/Environment/sliced-objects/tileset-sliced_231.asset
  artifactKey: Guid(8e08da1e1ee857c46b7923ed71ab1a7e) Importer(815301076,1909f56bfc062723c751e8b465ee728b)
Start importing Assets/Tiny RPG Forest/Artwork/Environment/sliced-objects/tileset-sliced_231.asset using Guid(8e08da1e1ee857c46b7923ed71ab1a7e) Importer(815301076,1909f56bfc062723c751e8b465ee728b)  -> (artifact id: '7543f78a3bf047ed7bc138d6b87bc231') in 0.008772 seconds 
========================================================================
Received Import Request.
  Time since last request: 0.000021 seconds.
  path: Assets/Tiny RPG Forest/Artwork/Environment/sliced-objects/tileset-sliced_227.asset
  artifactKey: Guid(303353c5ea043c54697f47f688ee3a04) Importer(815301076,1909f56bfc062723c751e8b465ee728b)
Start importing Assets/Tiny RPG Forest/Artwork/Environment/sliced-objects/tileset-sliced_227.asset using Guid(303353c5ea043c54697f47f688ee3a04) Importer(815301076,1909f56bfc062723c751e8b465ee728b)  -> (artifact id: '550028d3ed957508eb3355ba0ffb6b6e') in 0.008620 seconds 
========================================================================
Received Import Request.
  Time since last request: 0.000020 seconds.
  path: Assets/Tiny RPG Forest/Artwork/Environment/sliced-objects/tileset-sliced_220.asset
  artifactKey: Guid(c335dd471707bfa4b921e6b29c9e3191) Importer(815301076,1909f56bfc062723c751e8b465ee728b)
Start importing Assets/Tiny RPG Forest/Artwork/Environment/sliced-objects/tileset-sliced_220.asset using Guid(c335dd471707bfa4b921e6b29c9e3191) Importer(815301076,1909f56bfc062723c751e8b465ee728b)  -> (artifact id: '9580c1b844b4f8fbfb458b303c0cfdbb') in 0.009459 seconds 
========================================================================
Received Import Request.
  Time since last request: 0.000024 seconds.
  path: Assets/Tiny RPG Forest/Artwork/Environment/sliced-objects/tileset-sliced_219.asset
  artifactKey: Guid(db6147b45ce1b674cb1ea6c147c24de2) Importer(815301076,1909f56bfc062723c751e8b465ee728b)
Start importing Assets/Tiny RPG Forest/Artwork/Environment/sliced-objects/tileset-sliced_219.asset using Guid(db6147b45ce1b674cb1ea6c147c24de2) Importer(815301076,1909f56bfc062723c751e8b465ee728b)  -> (artifact id: '902dec79108a3af258489725bc20bc9c') in 0.008154 seconds 
========================================================================
Received Import Request.
  Time since last request: 0.142505 seconds.
  path: Assets/Tiny RPG Forest/Artwork/Environment/sliced-objects/tileset-sliced_242.asset
  artifactKey: Guid(86b628403b0520045bd0a86f3dcf2925) Importer(815301076,1909f56bfc062723c751e8b465ee728b)
Start importing Assets/Tiny RPG Forest/Artwork/Environment/sliced-objects/tileset-sliced_242.asset using Guid(86b628403b0520045bd0a86f3dcf2925) Importer(815301076,1909f56bfc062723c751e8b465ee728b)  -> (artifact id: '82203558f77ece009870a1196024823a') in 0.007766 seconds 
========================================================================
Received Import Request.
  Time since last request: 0.000015 seconds.
  path: Assets/Tiny RPG Forest/Artwork/Environment/sliced-objects/tileset-sliced_251.asset
  artifactKey: Guid(8081181115e76384faab50c50fabb171) Importer(815301076,1909f56bfc062723c751e8b465ee728b)
Start importing Assets/Tiny RPG Forest/Artwork/Environment/sliced-objects/tileset-sliced_251.asset using Guid(8081181115e76384faab50c50fabb171) Importer(815301076,1909f56bfc062723c751e8b465ee728b)  -> (artifact id: '1267ca7be8df31cb696ba6b6d7e6b07e') in 0.008426 seconds 
========================================================================
Received Import Request.
  Time since last request: 0.000016 seconds.
  path: Assets/Tiny RPG Forest/Artwork/Environment/sliced-objects/tileset-sliced_244.asset
  artifactKey: Guid(fca36f888ef5f8140be869622f733527) Importer(815301076,1909f56bfc062723c751e8b465ee728b)
Start importing Assets/Tiny RPG Forest/Artwork/Environment/sliced-objects/tileset-sliced_244.asset using Guid(fca36f888ef5f8140be869622f733527) Importer(815301076,1909f56bfc062723c751e8b465ee728b)  -> (artifact id: 'c0321a823d3fcd4829923a0cce9ca020') in 0.008986 seconds 
========================================================================
Received Import Request.
  Time since last request: 0.000019 seconds.
  path: Assets/Tiny RPG Forest/Artwork/Environment/sliced-objects/tileset-sliced_250.asset
  artifactKey: Guid(befde2ff217faf44b9ef948fb59b3194) Importer(815301076,1909f56bfc062723c751e8b465ee728b)
Start importing Assets/Tiny RPG Forest/Artwork/Environment/sliced-objects/tileset-sliced_250.asset using Guid(befde2ff217faf44b9ef948fb59b3194) Importer(815301076,1909f56bfc062723c751e8b465ee728b)  -> (artifact id: '87b95bff3b5e3ea75c9c18cc2aaa6a76') in 0.008627 seconds 
========================================================================
Received Import Request.
  Time since last request: 0.019198 seconds.
  path: Assets/Tiny RPG Forest/Artwork/Environment/sliced-objects/tileset-sliced_260.asset
  artifactKey: Guid(c7c0ee4c9f3ef874a996b8fb47549a9b) Importer(815301076,1909f56bfc062723c751e8b465ee728b)
Start importing Assets/Tiny RPG Forest/Artwork/Environment/sliced-objects/tileset-sliced_260.asset using Guid(c7c0ee4c9f3ef874a996b8fb47549a9b) Importer(815301076,1909f56bfc062723c751e8b465ee728b)  -> (artifact id: '69ae3cbedce9f07afbd5347d4e65f221') in 0.008085 seconds 
========================================================================
Received Import Request.
  Time since last request: 0.000019 seconds.
  path: Assets/Tiny RPG Forest/Artwork/Environment/sliced-objects/tileset-sliced_270.asset
  artifactKey: Guid(8eb0db2d7cb3f3b4a9f719a490d010a9) Importer(815301076,1909f56bfc062723c751e8b465ee728b)
Start importing Assets/Tiny RPG Forest/Artwork/Environment/sliced-objects/tileset-sliced_270.asset using Guid(8eb0db2d7cb3f3b4a9f719a490d010a9) Importer(815301076,1909f56bfc062723c751e8b465ee728b)  -> (artifact id: 'c805676dad8ef5e8e407a564f19f4921') in 0.009183 seconds 
========================================================================
Received Import Request.
  Time since last request: 0.000016 seconds.
  path: Assets/Tiny RPG Forest/Artwork/Environment/sliced-objects/tileset-sliced_272.asset
  artifactKey: Guid(a95c1771b65795144a79215d886660b5) Importer(815301076,1909f56bfc062723c751e8b465ee728b)
Start importing Assets/Tiny RPG Forest/Artwork/Environment/sliced-objects/tileset-sliced_272.asset using Guid(a95c1771b65795144a79215d886660b5) Importer(815301076,1909f56bfc062723c751e8b465ee728b)  -> (artifact id: 'dc73f1d122673f3bba2357fc5572ea9e') in 0.008199 seconds 
========================================================================
Received Import Request.
  Time since last request: 0.000016 seconds.
  path: Assets/Tiny RPG Forest/Artwork/Environment/sliced-objects/tileset-sliced_276.asset
  artifactKey: Guid(6e54385d3e12b744d80ba44174ee2b42) Importer(815301076,1909f56bfc062723c751e8b465ee728b)
Start importing Assets/Tiny RPG Forest/Artwork/Environment/sliced-objects/tileset-sliced_276.asset using Guid(6e54385d3e12b744d80ba44174ee2b42) Importer(815301076,1909f56bfc062723c751e8b465ee728b)  -> (artifact id: '2e4f8207b94feb309cd6b7e73c287907') in 0.008293 seconds 
========================================================================
Received Import Request.
  Time since last request: 0.000018 seconds.
  path: Assets/Tiny RPG Forest/Artwork/Environment/sliced-objects/tileset-sliced_290.asset
  artifactKey: Guid(9d5453aa81b4cd3488a859add2af5338) Importer(815301076,1909f56bfc062723c751e8b465ee728b)
Start importing Assets/Tiny RPG Forest/Artwork/Environment/sliced-objects/tileset-sliced_290.asset using Guid(9d5453aa81b4cd3488a859add2af5338) Importer(815301076,1909f56bfc062723c751e8b465ee728b)  -> (artifact id: 'a6477fabf879489563f59a74b5105750') in 0.009178 seconds 
========================================================================
Received Import Request.
  Time since last request: 0.000025 seconds.
  path: Assets/Tiny RPG Forest/Artwork/Environment/sliced-objects/tileset-sliced_279.asset
  artifactKey: Guid(b2137c6e802bff1439d3bf852119955e) Importer(815301076,1909f56bfc062723c751e8b465ee728b)
Start importing Assets/Tiny RPG Forest/Artwork/Environment/sliced-objects/tileset-sliced_279.asset using Guid(b2137c6e802bff1439d3bf852119955e) Importer(815301076,1909f56bfc062723c751e8b465ee728b)  -> (artifact id: '3fc25154f8b1cd4995ef34d8c79e03f8') in 0.009642 seconds 
========================================================================
Received Import Request.
  Time since last request: 0.000022 seconds.
  path: Assets/Tiny RPG Forest/Artwork/Environment/sliced-objects/tileset-sliced_282.asset
  artifactKey: Guid(43b967a65abdfdd4c8a5397bb0c3d263) Importer(815301076,1909f56bfc062723c751e8b465ee728b)
Start importing Assets/Tiny RPG Forest/Artwork/Environment/sliced-objects/tileset-sliced_282.asset using Guid(43b967a65abdfdd4c8a5397bb0c3d263) Importer(815301076,1909f56bfc062723c751e8b465ee728b)  -> (artifact id: '32c97f8de6912e8304b71e379f65751b') in 0.007630 seconds 
========================================================================
Received Import Request.
  Time since last request: 1.140270 seconds.
  path: Assets/Tiny RPG Forest/Artwork/Environment/sliced-objects/tileset-sliced_296.asset
  artifactKey: Guid(664e888e291897948908dc2b5ed06634) Importer(815301076,1909f56bfc062723c751e8b465ee728b)
Start importing Assets/Tiny RPG Forest/Artwork/Environment/sliced-objects/tileset-sliced_296.asset using Guid(664e888e291897948908dc2b5ed06634) Importer(815301076,1909f56bfc062723c751e8b465ee728b)  -> (artifact id: '3d3de1aa5e5b5d3ced5613473ea13a2a') in 0.009820 seconds 
========================================================================
Received Import Request.
  Time since last request: 0.000017 seconds.
  path: Assets/Tiny RPG Forest/Artwork/Environment/sliced-objects/tileset-sliced_308.asset
  artifactKey: Guid(c8af91177be2db64b87e8956effa915d) Importer(815301076,1909f56bfc062723c751e8b465ee728b)
Start importing Assets/Tiny RPG Forest/Artwork/Environment/sliced-objects/tileset-sliced_308.asset using Guid(c8af91177be2db64b87e8956effa915d) Importer(815301076,1909f56bfc062723c751e8b465ee728b)  -> (artifact id: '6db80690cca03e73bb1bafb3ace6cfbc') in 0.008053 seconds 
========================================================================
Received Import Request.
  Time since last request: 0.000021 seconds.
  path: Assets/Tiny RPG Forest/Artwork/Environment/sliced-objects/tileset-sliced_304.asset
  artifactKey: Guid(4f1995eda06421b4eabd7f70bad30b2e) Importer(815301076,1909f56bfc062723c751e8b465ee728b)
Start importing Assets/Tiny RPG Forest/Artwork/Environment/sliced-objects/tileset-sliced_304.asset using Guid(4f1995eda06421b4eabd7f70bad30b2e) Importer(815301076,1909f56bfc062723c751e8b465ee728b)  -> (artifact id: '46fa089995cde06a374ebab7d49097fd') in 0.010102 seconds 
========================================================================
Received Import Request.
  Time since last request: 0.012338 seconds.
  path: Assets/Tiny RPG Forest/Artwork/Environment/sliced-objects/tileset-sliced_314.asset
  artifactKey: Guid(f0fca3fd6a9562d47b523346ad452545) Importer(815301076,1909f56bfc062723c751e8b465ee728b)
Start importing Assets/Tiny RPG Forest/Artwork/Environment/sliced-objects/tileset-sliced_314.asset using Guid(f0fca3fd6a9562d47b523346ad452545) Importer(815301076,1909f56bfc062723c751e8b465ee728b)  -> (artifact id: '595ce531cd3533b48f397bb8f9679315') in 0.009317 seconds 
========================================================================
Received Import Request.
  Time since last request: 0.000026 seconds.
  path: Assets/Tiny RPG Forest/Artwork/Environment/sliced-objects/tileset-sliced_394.asset
  artifactKey: Guid(8ce1acf4e7c7116478b3e0cf1a310a26) Importer(815301076,1909f56bfc062723c751e8b465ee728b)
Start importing Assets/Tiny RPG Forest/Artwork/Environment/sliced-objects/tileset-sliced_394.asset using Guid(8ce1acf4e7c7116478b3e0cf1a310a26) Importer(815301076,1909f56bfc062723c751e8b465ee728b)  -> (artifact id: 'a7dc229282aeae15fdc864eace91f8e6') in 0.010841 seconds 
========================================================================
Received Import Request.
  Time since last request: 0.000024 seconds.
  path: Assets/Tiny RPG Forest/Artwork/Environment/sliced-objects/trunk.png
  artifactKey: Guid(606bc7833699b46bfb26e8141d2a64a7) Importer(815301076,1909f56bfc062723c751e8b465ee728b)
Start importing Assets/Tiny RPG Forest/Artwork/Environment/sliced-objects/trunk.png using Guid(606bc7833699b46bfb26e8141d2a64a7) Importer(815301076,1909f56bfc062723c751e8b465ee728b)  -> (artifact id: '31d62fd14d11e0120808f1af19456cb9') in 0.021505 seconds 
========================================================================
Received Import Request.
  Time since last request: 0.000029 seconds.
  path: Assets/Tiny RPG Forest/Artwork/Environment/sliced-objects/tileset-sliced_317.asset
  artifactKey: Guid(930561a441856bb47b6dbc94a30ef20a) Importer(815301076,1909f56bfc062723c751e8b465ee728b)
Start importing Assets/Tiny RPG Forest/Artwork/Environment/sliced-objects/tileset-sliced_317.asset using Guid(930561a441856bb47b6dbc94a30ef20a) Importer(815301076,1909f56bfc062723c751e8b465ee728b)  -> (artifact id: '04141c3a724020448429d43521b8c442') in 0.007947 seconds 
========================================================================
Received Import Request.
  Time since last request: 0.640057 seconds.
  path: Assets/Tiny RPG Forest/Artwork/Environment/sliced-objects/tileset-sliced_385.asset
  artifactKey: Guid(3ef881599ad01e947b87a76889096c29) Importer(815301076,1909f56bfc062723c751e8b465ee728b)
Start importing Assets/Tiny RPG Forest/Artwork/Environment/sliced-objects/tileset-sliced_385.asset using Guid(3ef881599ad01e947b87a76889096c29) Importer(815301076,1909f56bfc062723c751e8b465ee728b)  -> (artifact id: 'dcfd721cb38254d9dde4c13de891c9af') in 0.007545 seconds 
========================================================================
Received Import Request.
  Time since last request: 0.000043 seconds.
  path: Assets/Tiny RPG Forest/Artwork/Environment/sliced-objects/tileset-sliced_373.asset
  artifactKey: Guid(dc9e5db3f91df384eaaee1c6628276a8) Importer(815301076,1909f56bfc062723c751e8b465ee728b)
Start importing Assets/Tiny RPG Forest/Artwork/Environment/sliced-objects/tileset-sliced_373.asset using Guid(dc9e5db3f91df384eaaee1c6628276a8) Importer(815301076,1909f56bfc062723c751e8b465ee728b)  -> (artifact id: '308b08f91657fee2b00fd63cb9598f04') in 0.007906 seconds 
========================================================================
Received Import Request.
  Time since last request: 0.000016 seconds.
  path: Assets/Tiny RPG Forest/Artwork/Environment/sliced-objects/tileset-sliced_378.asset
  artifactKey: Guid(2c9d8f45dc9df5942952d1dc35403c2c) Importer(815301076,1909f56bfc062723c751e8b465ee728b)
Start importing Assets/Tiny RPG Forest/Artwork/Environment/sliced-objects/tileset-sliced_378.asset using Guid(2c9d8f45dc9df5942952d1dc35403c2c) Importer(815301076,1909f56bfc062723c751e8b465ee728b)  -> (artifact id: 'ebd8c2613ca81fa5692d3e6bdb64ea59') in 0.008454 seconds 
========================================================================
Received Import Request.
  Time since last request: 0.000018 seconds.
  path: Assets/Tiny RPG Forest/Artwork/Environment/sliced-objects/tileset-sliced_377.asset
  artifactKey: Guid(37baa50cb4575804ebe8a15209c889a2) Importer(815301076,1909f56bfc062723c751e8b465ee728b)
Start importing Assets/Tiny RPG Forest/Artwork/Environment/sliced-objects/tileset-sliced_377.asset using Guid(37baa50cb4575804ebe8a15209c889a2) Importer(815301076,1909f56bfc062723c751e8b465ee728b)  -> (artifact id: 'd866be5b3d05f28330c13ce874804186') in 0.007826 seconds 
========================================================================
Received Import Request.
  Time since last request: 0.000018 seconds.
  path: Assets/Tiny RPG Forest/Artwork/Environment/sliced-objects/tileset-sliced_327.asset
  artifactKey: Guid(b431a5fb723cf4a4ea7f1749a990ab3c) Importer(815301076,1909f56bfc062723c751e8b465ee728b)
Start importing Assets/Tiny RPG Forest/Artwork/Environment/sliced-objects/tileset-sliced_327.asset using Guid(b431a5fb723cf4a4ea7f1749a990ab3c) Importer(815301076,1909f56bfc062723c751e8b465ee728b)  -> (artifact id: 'e6721f6b26b52453a926654f649ad204') in 0.009267 seconds 
========================================================================
Received Import Request.
  Time since last request: 0.000018 seconds.
  path: Assets/Tiny RPG Forest/Artwork/Environment/sliced-objects/tileset-sliced_329.asset
  artifactKey: Guid(2b036132c132b664f8c5a127f28d5a86) Importer(815301076,1909f56bfc062723c751e8b465ee728b)
Start importing Assets/Tiny RPG Forest/Artwork/Environment/sliced-objects/tileset-sliced_329.asset using Guid(2b036132c132b664f8c5a127f28d5a86) Importer(815301076,1909f56bfc062723c751e8b465ee728b)  -> (artifact id: '0d9ab15ed53a5269b75823318b1a1736') in 0.007542 seconds 
========================================================================
Received Import Request.
  Time since last request: 0.000017 seconds.
  path: Assets/Tiny RPG Forest/Artwork/Environment/sliced-objects/tileset-sliced_332.asset
  artifactKey: Guid(5f69b9254b050414d97906b938239dc7) Importer(815301076,1909f56bfc062723c751e8b465ee728b)
Start importing Assets/Tiny RPG Forest/Artwork/Environment/sliced-objects/tileset-sliced_332.asset using Guid(5f69b9254b050414d97906b938239dc7) Importer(815301076,1909f56bfc062723c751e8b465ee728b)  -> (artifact id: '928709ef984322dee1d654baef71594d') in 0.008476 seconds 
========================================================================
Received Import Request.
  Time since last request: 0.000017 seconds.
  path: Assets/Tiny RPG Forest/Artwork/Environment/sliced-objects/tileset-sliced_325.asset
  artifactKey: Guid(3be6559ba0428f349b5777a0279e89bf) Importer(815301076,1909f56bfc062723c751e8b465ee728b)
Start importing Assets/Tiny RPG Forest/Artwork/Environment/sliced-objects/tileset-sliced_325.asset using Guid(3be6559ba0428f349b5777a0279e89bf) Importer(815301076,1909f56bfc062723c751e8b465ee728b)  -> (artifact id: 'a9e1eed956a45d4fca213d01d794b4f1') in 0.008257 seconds 
========================================================================
Received Import Request.
  Time since last request: 0.000021 seconds.
  path: Assets/Tiny RPG Forest/Artwork/Environment/sliced-objects/tileset-sliced_338.asset
  artifactKey: Guid(16b3fe1a33ad61744bb8142a7e0b3b40) Importer(815301076,1909f56bfc062723c751e8b465ee728b)
Start importing Assets/Tiny RPG Forest/Artwork/Environment/sliced-objects/tileset-sliced_338.asset using Guid(16b3fe1a33ad61744bb8142a7e0b3b40) Importer(815301076,1909f56bfc062723c751e8b465ee728b)  -> (artifact id: '115d1e789b331659f9fcfbd43e3753e0') in 0.008504 seconds 
========================================================================
Received Import Request.
  Time since last request: 0.000020 seconds.
  path: Assets/Tiny RPG Forest/Artwork/Environment/sliced-objects/tileset-sliced_322.asset
  artifactKey: Guid(3a4f8a81fbf0aaf4fb79730f450ffa3c) Importer(815301076,1909f56bfc062723c751e8b465ee728b)
Start importing Assets/Tiny RPG Forest/Artwork/Environment/sliced-objects/tileset-sliced_322.asset using Guid(3a4f8a81fbf0aaf4fb79730f450ffa3c) Importer(815301076,1909f56bfc062723c751e8b465ee728b)  -> (artifact id: '21341fc5908b4685cdfd4df7f5b996c4') in 0.008644 seconds 
========================================================================
Received Import Request.
  Time since last request: 0.000020 seconds.
  path: Assets/Tiny RPG Forest/Artwork/Environment/sliced-objects/tileset-sliced_371.asset
  artifactKey: Guid(d02a5d024f54bd540a0abbf771b1f53d) Importer(815301076,1909f56bfc062723c751e8b465ee728b)
Start importing Assets/Tiny RPG Forest/Artwork/Environment/sliced-objects/tileset-sliced_371.asset using Guid(d02a5d024f54bd540a0abbf771b1f53d) Importer(815301076,1909f56bfc062723c751e8b465ee728b)  -> (artifact id: 'd455153dc870e78cad6090765b3e9e45') in 0.008637 seconds 
========================================================================
Received Import Request.
  Time since last request: 0.000021 seconds.
  path: Assets/Tiny RPG Forest/Artwork/Environment/sliced-objects/tileset-sliced_349.asset
  artifactKey: Guid(dabfee7e63012114ba61f694f1996e7a) Importer(815301076,1909f56bfc062723c751e8b465ee728b)
Start importing Assets/Tiny RPG Forest/Artwork/Environment/sliced-objects/tileset-sliced_349.asset using Guid(dabfee7e63012114ba61f694f1996e7a) Importer(815301076,1909f56bfc062723c751e8b465ee728b)  -> (artifact id: 'c0362447cf19390b6f110ee44874c81b') in 0.008334 seconds 
========================================================================
Received Import Request.
  Time since last request: 0.000028 seconds.
  path: Assets/Tiny RPG Forest/Artwork/Environment/sliced-objects/tileset-sliced_388.asset
  artifactKey: Guid(142665ab8bb2fe641be392d2cda65556) Importer(815301076,1909f56bfc062723c751e8b465ee728b)
Start importing Assets/Tiny RPG Forest/Artwork/Environment/sliced-objects/tileset-sliced_388.asset using Guid(142665ab8bb2fe641be392d2cda65556) Importer(815301076,1909f56bfc062723c751e8b465ee728b)  -> (artifact id: '0baf603ccaa7547fdd79f30da5355750') in 0.007263 seconds 
Editor requested this worker to shutdown with reason: Scaling down because of idle timeout
AssetImportWorker is now disconnected from the server
Process exiting
Exiting without the bug reporter. Application will terminate with return code 0